<?xml version="1.0" encoding="utf-8"?>
<coverage line-rate="0.3333" branch-rate="1" version="1.9" timestamp="1653328834" lines-covered="1" lines-valid="3" branches-covered="0" branches-valid="0">
  <sources>
    <source>/home/runner/work/DocumentationGeneration/DocumentationGeneration/src/ConsoleApp1/</source>
  </sources>
  <packages>
    <package name="ConsoleApp1" line-rate="0.3333" branch-rate="1" complexity="2">
      <classes>
        <class name="ConsoleApp1.Example" filename="Example.cs" line-rate="1" branch-rate="1" complexity="1">
          <methods>
            <method name="Divide" signature="(System.Int32,System.Int32)" line-rate="1" branch-rate="1" complexity="1">
              <lines>
                <line number="12" hits="2" branch="False" />
              </lines>
            </method>
          </methods>
          <lines>
            <line number="12" hits="2" branch="False" />
          </lines>
        </class>
        <class name="ConsoleApp1.Program" filename="Program.cs" line-rate="0" branch-rate="1" complexity="1">
          <methods>
            <method name="Main" signature="(System.String[])" line-rate="0" branch-rate="1" complexity="1">
              <lines>
                <line number="9" hits="0" branch="False" />
                <line number="10" hits="0" branch="False" />
              </lines>
            </method>
          </methods>
          <lines>
            <line number="9" hits="0" branch="False" />
            <line number="10" hits="0" branch="False" />
          </lines>
        </class>
      </classes>
    </package>
  </packages>
</coverage>